ARM GAS  /tmp/cc8VfJGj.s 			page 1


   1              		.cpu cortex-m3
   2              		.arch armv7-m
   3              		.fpu softvfp
   4              		.eabi_attribute 20, 1
   5              		.eabi_attribute 21, 1
   6              		.eabi_attribute 23, 3
   7              		.eabi_attribute 24, 1
   8              		.eabi_attribute 25, 1
   9              		.eabi_attribute 26, 1
  10              		.eabi_attribute 30, 1
  11              		.eabi_attribute 34, 1
  12              		.eabi_attribute 18, 4
  13              		.file	"comms.c"
  14              		.text
  15              	.Ltext0:
  16              		.cfi_sections	.debug_frame
  17              		.file 1 "src/comms.c"
  18              		.section	.text.setScopeChannel,"ax",%progbits
  19              		.align	1
  20              		.global	setScopeChannel
  21              		.syntax unified
  22              		.thumb
  23              		.thumb_func
  25              	setScopeChannel:
  26              	.LVL0:
  27              	.LFB66:
   1:src/comms.c   **** #include "stm32f1xx_hal.h"
   2:src/comms.c   **** #include "defines.h"
   3:src/comms.c   **** #include "setup.h"
   4:src/comms.c   **** #include "config.h"
   5:src/comms.c   **** #include "stdio.h"
   6:src/comms.c   **** #include "string.h"
   7:src/comms.c   **** #include "comms.h"
   8:src/comms.c   **** #include "softwareserial.h"
   9:src/comms.c   **** 
  10:src/comms.c   **** 
  11:src/comms.c   **** extern UART_HandleTypeDef huart2;
  12:src/comms.c   **** extern UART_HandleTypeDef huart3;
  13:src/comms.c   **** 
  14:src/comms.c   **** 
  15:src/comms.c   **** #ifdef DEBUG_SERIAL_USART3
  16:src/comms.c   **** #define UART_DMA_CHANNEL DMA1_Channel2
  17:src/comms.c   **** #endif
  18:src/comms.c   **** 
  19:src/comms.c   **** #ifdef DEBUG_SERIAL_USART2
  20:src/comms.c   **** #define UART_DMA_CHANNEL DMA1_Channel7
  21:src/comms.c   **** #endif
  22:src/comms.c   **** 
  23:src/comms.c   **** 
  24:src/comms.c   **** volatile uint8_t uart_buf[100];
  25:src/comms.c   **** volatile int16_t ch_buf[8];
  26:src/comms.c   **** 
  27:src/comms.c   **** #if defined(SERIAL_USART2_IT)
  28:src/comms.c   ****   volatile SERIAL_USART_BUFFER usart2_it_TXbuffer;
  29:src/comms.c   ****   volatile SERIAL_USART_BUFFER usart2_it_RXbuffer;
  30:src/comms.c   **** #endif
  31:src/comms.c   **** #if defined(SERIAL_USART3_IT)
ARM GAS  /tmp/cc8VfJGj.s 			page 2


  32:src/comms.c   ****   volatile SERIAL_USART_BUFFER usart3_it_TXbuffer;
  33:src/comms.c   ****   volatile SERIAL_USART_BUFFER usart3_it_RXbuffer;
  34:src/comms.c   **** #endif
  35:src/comms.c   **** 
  36:src/comms.c   **** uint8_t debug_out = 1;
  37:src/comms.c   **** uint8_t enablescope = 1;
  38:src/comms.c   **** 
  39:src/comms.c   **** //volatile char char_buf[300];
  40:src/comms.c   **** 
  41:src/comms.c   **** void setScopeChannel(uint8_t ch, int16_t val) {
  28              		.loc 1 41 47 view -0
  29              		.cfi_startproc
  30              		@ args = 0, pretend = 0, frame = 0
  31              		@ frame_needed = 0, uses_anonymous_args = 0
  32              		@ link register save eliminated.
  42:src/comms.c   ****   ch_buf[ch] = val;
  33              		.loc 1 42 3 view .LVU1
  34              		.loc 1 42 14 is_stmt 0 view .LVU2
  35 0000 014B     		ldr	r3, .L2
  36 0002 23F81010 		strh	r1, [r3, r0, lsl #1]	@ movhi
  43:src/comms.c   **** }
  37              		.loc 1 43 1 view .LVU3
  38 0006 7047     		bx	lr
  39              	.L3:
  40              		.align	2
  41              	.L2:
  42 0008 00000000 		.word	ch_buf
  43              		.cfi_endproc
  44              	.LFE66:
  46              		.section	.rodata.consoleScope.str1.4,"aMS",%progbits,1
  47              		.align	2
  48              	.LC0:
  49 0000 313A2569 		.ascii	"1:%i 2:%i 3:%i 4:%i 5:%i 6:%i 7:%i 8:%i\015\012\000"
  49      20323A25 
  49      6920333A 
  49      25692034 
  49      3A256920 
  50              		.section	.text.consoleScope,"ax",%progbits
  51              		.align	1
  52              		.global	consoleScope
  53              		.syntax unified
  54              		.thumb
  55              		.thumb_func
  57              	consoleScope:
  58              	.LFB67:
  44:src/comms.c   **** 
  45:src/comms.c   **** void consoleScope() {
  59              		.loc 1 45 21 is_stmt 1 view -0
  60              		.cfi_startproc
  61              		@ args = 0, pretend = 0, frame = 0
  62              		@ frame_needed = 0, uses_anonymous_args = 0
  46:src/comms.c   ****   if (!enablescope)
  63              		.loc 1 46 3 view .LVU5
  64              		.loc 1 46 7 is_stmt 0 view .LVU6
  65 0000 1A4B     		ldr	r3, .L11
  66 0002 1B78     		ldrb	r3, [r3]	@ zero_extendqisi2
  67              		.loc 1 46 6 view .LVU7
ARM GAS  /tmp/cc8VfJGj.s 			page 3


  68 0004 13B1     		cbz	r3, .L7
  47:src/comms.c   ****     return;
  48:src/comms.c   **** 
  49:src/comms.c   ****   #if defined DEBUG_SERIAL_SERVOTERM && defined DEBUG_SERIAL_USART3
  50:src/comms.c   ****     uart_buf[0] = 0xff;
  51:src/comms.c   ****     uart_buf[1] = CLAMP(ch_buf[0]+127, 0, 255);
  52:src/comms.c   ****     uart_buf[2] = CLAMP(ch_buf[1]+127, 0, 255);
  53:src/comms.c   ****     uart_buf[3] = CLAMP(ch_buf[2]+127, 0, 255);
  54:src/comms.c   ****     uart_buf[4] = CLAMP(ch_buf[3]+127, 0, 255);
  55:src/comms.c   ****     uart_buf[5] = CLAMP(ch_buf[4]+127, 0, 255);
  56:src/comms.c   ****     uart_buf[6] = CLAMP(ch_buf[5]+127, 0, 255);
  57:src/comms.c   ****     uart_buf[7] = CLAMP(ch_buf[6]+127, 0, 255);
  58:src/comms.c   ****     uart_buf[8] = CLAMP(ch_buf[7]+127, 0, 255);
  59:src/comms.c   ****     uart_buf[9] = '\n';
  60:src/comms.c   **** 
  61:src/comms.c   ****     if(UART_DMA_CHANNEL->CNDTR == 0) {
  62:src/comms.c   ****       UART_DMA_CHANNEL->CCR &= ~DMA_CCR_EN;
  63:src/comms.c   ****       UART_DMA_CHANNEL->CNDTR = 10;
  64:src/comms.c   ****       UART_DMA_CHANNEL->CMAR  = (uint32_t)uart_buf;
  65:src/comms.c   ****       UART_DMA_CHANNEL->CCR |= DMA_CCR_EN;
  66:src/comms.c   ****     }
  67:src/comms.c   ****   #endif
  68:src/comms.c   **** 
  69:src/comms.c   ****   #if defined DEBUG_SERIAL_ASCII && defined DEBUG_SERIAL_USART3
  70:src/comms.c   ****     memset(uart_buf, 0, sizeof(uart_buf));
  71:src/comms.c   ****     sprintf(uart_buf, "1:%i 2:%i 3:%i 4:%i 5:%i 6:%i 7:%i 8:%i\r\n", ch_buf[0], ch_buf[1], ch_buf[2
  72:src/comms.c   **** 
  73:src/comms.c   ****     if(UART_DMA_CHANNEL->CNDTR == 0) {
  74:src/comms.c   ****       UART_DMA_CHANNEL->CCR &= ~DMA_CCR_EN;
  75:src/comms.c   ****       UART_DMA_CHANNEL->CNDTR = strlen(uart_buf);
  76:src/comms.c   ****       UART_DMA_CHANNEL->CMAR  = (uint32_t)uart_buf;
  77:src/comms.c   ****       UART_DMA_CHANNEL->CCR |= DMA_CCR_EN;
  78:src/comms.c   ****     }
  79:src/comms.c   ****   #endif
  80:src/comms.c   **** 
  81:src/comms.c   ****   #if defined DEBUG_SERIAL_ASCII && defined DEBUG_SERIAL_SENSOR && defined CONTROL_SENSOR
  82:src/comms.c   ****     memset(uart_buf, 0, sizeof(uart_buf));
  83:src/comms.c   ****     sprintf(uart_buf, "1:%i 2:%i 3:%i 4:%i 5:%i 6:%i 7:%i 8:%i\r\n", ch_buf[0], ch_buf[1], ch_buf[2
  84:src/comms.c   ****     USART_sensorSend(0, uart_buf, strlen(uart_buf), 0);
  85:src/comms.c   ****     USART_sensorSend(1, uart_buf, strlen(uart_buf), 0);
  86:src/comms.c   ****   #endif
  87:src/comms.c   **** 
  88:src/comms.c   ****   #if defined DEBUG_SERIAL_ASCII && defined DEBUG_SOFTWARE_SERIAL
  89:src/comms.c   ****     if (debug_out){
  69              		.loc 1 89 5 is_stmt 1 view .LVU8
  70              		.loc 1 89 9 is_stmt 0 view .LVU9
  71 0006 1A4B     		ldr	r3, .L11+4
  72 0008 1B78     		ldrb	r3, [r3]	@ zero_extendqisi2
  73              		.loc 1 89 8 view .LVU10
  74 000a 03B9     		cbnz	r3, .L10
  75              	.L7:
  76 000c 7047     		bx	lr
  77              	.L10:
  45:src/comms.c   ****   if (!enablescope)
  78              		.loc 1 45 21 view .LVU11
  79 000e F0B5     		push	{r4, r5, r6, r7, lr}
  80              	.LCFI0:
ARM GAS  /tmp/cc8VfJGj.s 			page 4


  81              		.cfi_def_cfa_offset 20
  82              		.cfi_offset 4, -20
  83              		.cfi_offset 5, -16
  84              		.cfi_offset 6, -12
  85              		.cfi_offset 7, -8
  86              		.cfi_offset 14, -4
  87 0010 87B0     		sub	sp, sp, #28
  88              	.LCFI1:
  89              		.cfi_def_cfa_offset 48
  90:src/comms.c   ****       memset((void *)uart_buf, 0, sizeof(uart_buf));
  90              		.loc 1 90 7 is_stmt 1 view .LVU12
  91 0012 184C     		ldr	r4, .L11+8
  92 0014 6422     		movs	r2, #100
  93 0016 0021     		movs	r1, #0
  94 0018 2046     		mov	r0, r4
  95 001a FFF7FEFF 		bl	memset
  96              	.LVL1:
  91:src/comms.c   ****       sprintf((void *)uart_buf, "1:%i 2:%i 3:%i 4:%i 5:%i 6:%i 7:%i 8:%i\r\n", ch_buf[0], ch_buf[1]
  97              		.loc 1 91 7 view .LVU13
  98              		.loc 1 91 86 is_stmt 0 view .LVU14
  99 001e 1649     		ldr	r1, .L11+12
 100 0020 0A88     		ldrh	r2, [r1]
 101              		.loc 1 91 97 view .LVU15
 102 0022 B1F802C0 		ldrh	ip, [r1, #2]
 103              		.loc 1 91 108 view .LVU16
 104 0026 8888     		ldrh	r0, [r1, #4]
 105 0028 00B2     		sxth	r0, r0
 106              		.loc 1 91 119 view .LVU17
 107 002a CD88     		ldrh	r5, [r1, #6]
 108 002c 2DB2     		sxth	r5, r5
 109              		.loc 1 91 130 view .LVU18
 110 002e 0E89     		ldrh	r6, [r1, #8]
 111 0030 36B2     		sxth	r6, r6
 112              		.loc 1 91 141 view .LVU19
 113 0032 4F89     		ldrh	r7, [r1, #10]
 114 0034 3FB2     		sxth	r7, r7
 115              		.loc 1 91 152 view .LVU20
 116 0036 8B89     		ldrh	r3, [r1, #12]
 117 0038 1BB2     		sxth	r3, r3
 118              		.loc 1 91 163 view .LVU21
 119 003a C989     		ldrh	r1, [r1, #14]
 120 003c 09B2     		sxth	r1, r1
 121              		.loc 1 91 7 view .LVU22
 122 003e 0591     		str	r1, [sp, #20]
 123 0040 0493     		str	r3, [sp, #16]
 124 0042 0397     		str	r7, [sp, #12]
 125 0044 0296     		str	r6, [sp, #8]
 126 0046 0195     		str	r5, [sp, #4]
 127 0048 0090     		str	r0, [sp]
 128 004a 0FFA8CF3 		sxth	r3, ip
 129 004e 12B2     		sxth	r2, r2
 130 0050 0A49     		ldr	r1, .L11+16
 131 0052 2046     		mov	r0, r4
 132 0054 FFF7FEFF 		bl	sprintf
 133              	.LVL2:
  92:src/comms.c   ****       softwareserial_Send((unsigned char *)uart_buf, strlen((char*)uart_buf));
 134              		.loc 1 92 7 is_stmt 1 view .LVU23
ARM GAS  /tmp/cc8VfJGj.s 			page 5


 135              		.loc 1 92 54 is_stmt 0 view .LVU24
 136 0058 2046     		mov	r0, r4
 137 005a FFF7FEFF 		bl	strlen
 138              	.LVL3:
 139 005e 0146     		mov	r1, r0
 140              		.loc 1 92 7 discriminator 1 view .LVU25
 141 0060 2046     		mov	r0, r4
 142 0062 FFF7FEFF 		bl	softwareserial_Send
 143              	.LVL4:
  93:src/comms.c   ****     }
  94:src/comms.c   ****   #endif
  95:src/comms.c   **** 
  96:src/comms.c   **** }
 144              		.loc 1 96 1 view .LVU26
 145 0066 07B0     		add	sp, sp, #28
 146              	.LCFI2:
 147              		.cfi_def_cfa_offset 20
 148              		@ sp needed
 149 0068 F0BD     		pop	{r4, r5, r6, r7, pc}
 150              	.L12:
 151 006a 00BF     		.align	2
 152              	.L11:
 153 006c 00000000 		.word	enablescope
 154 0070 00000000 		.word	debug_out
 155 0074 00000000 		.word	uart_buf
 156 0078 00000000 		.word	ch_buf
 157 007c 00000000 		.word	.LC0
 158              		.cfi_endproc
 159              	.LFE67:
 161              		.section	.text.USART2_IT_starttx,"ax",%progbits
 162              		.align	1
 163              		.global	USART2_IT_starttx
 164              		.syntax unified
 165              		.thumb
 166              		.thumb_func
 168              	USART2_IT_starttx:
 169              	.LFB68:
  97:src/comms.c   **** 
  98:src/comms.c   **** #ifdef SERIAL_USART2_IT
  99:src/comms.c   **** 
 100:src/comms.c   **** int USART2_IT_starttx() {
 170              		.loc 1 100 25 is_stmt 1 view -0
 171              		.cfi_startproc
 172              		@ args = 0, pretend = 0, frame = 0
 173              		@ frame_needed = 0, uses_anonymous_args = 0
 174              		@ link register save eliminated.
 101:src/comms.c   ****     __HAL_UART_ENABLE_IT(&huart2, UART_IT_TXE);
 175              		.loc 1 101 5 view .LVU28
 176 0000 034B     		ldr	r3, .L14
 177 0002 1A68     		ldr	r2, [r3]
 178 0004 D368     		ldr	r3, [r2, #12]
 179 0006 43F08003 		orr	r3, r3, #128
 180 000a D360     		str	r3, [r2, #12]
 102:src/comms.c   ****     return 1;
 181              		.loc 1 102 5 view .LVU29
 103:src/comms.c   **** }
 182              		.loc 1 103 1 is_stmt 0 view .LVU30
ARM GAS  /tmp/cc8VfJGj.s 			page 6


 183 000c 0120     		movs	r0, #1
 184 000e 7047     		bx	lr
 185              	.L15:
 186              		.align	2
 187              	.L14:
 188 0010 00000000 		.word	huart2
 189              		.cfi_endproc
 190              	.LFE68:
 192              		.section	.text.USART3_IT_starttx,"ax",%progbits
 193              		.align	1
 194              		.global	USART3_IT_starttx
 195              		.syntax unified
 196              		.thumb
 197              		.thumb_func
 199              	USART3_IT_starttx:
 200              	.LFB71:
 104:src/comms.c   **** 
 105:src/comms.c   **** int USART2_IT_send(unsigned char *data, int len) {
 106:src/comms.c   **** 
 107:src/comms.c   ****     int count = serial_usart_buffer_count(&usart2_it_TXbuffer);
 108:src/comms.c   ****     if (count + len + 1 > SERIAL_USART_BUFFER_SIZE-3){
 109:src/comms.c   ****         usart2_it_TXbuffer.overflow++;
 110:src/comms.c   ****         return -1;
 111:src/comms.c   ****     }
 112:src/comms.c   **** 
 113:src/comms.c   ****     for (int i = 0; i < len; i++){
 114:src/comms.c   ****         serial_usart_buffer_push(&usart2_it_TXbuffer, (SERIAL_USART_IT_BUFFERTYPE) data[i]);
 115:src/comms.c   ****     }
 116:src/comms.c   **** 
 117:src/comms.c   ****     return USART2_IT_starttx();
 118:src/comms.c   **** }
 119:src/comms.c   **** 
 120:src/comms.c   **** //////////////////////////////////////////////////////
 121:src/comms.c   **** // called from actual IRQ routines
 122:src/comms.c   **** void USART2_IT_IRQ(USART_TypeDef *us) {
 123:src/comms.c   ****   volatile uint32_t *SR     = &us->SR;  // USART Status register
 124:src/comms.c   ****   volatile uint32_t *DR     = &us->DR;  // USART Data register
 125:src/comms.c   ****   volatile uint32_t *CR1    = &us->CR1; // USART Control register 1
 126:src/comms.c   **** 
 127:src/comms.c   ****   // Transmit
 128:src/comms.c   ****   if ((*SR) & UART_FLAG_TXE) {
 129:src/comms.c   ****     if (serial_usart_buffer_count(&usart2_it_TXbuffer) == 0) {
 130:src/comms.c   ****       *CR1 = (*CR1 & ~(USART_CR1_TXEIE | USART_CR1_TCIE));
 131:src/comms.c   ****     } else {
 132:src/comms.c   ****       *DR = (serial_usart_buffer_pop(&usart2_it_TXbuffer) & 0x1ff);
 133:src/comms.c   ****     }
 134:src/comms.c   ****   }
 135:src/comms.c   **** 
 136:src/comms.c   ****   // Receive
 137:src/comms.c   ****   if (((*SR) & UART_FLAG_RXNE)) {
 138:src/comms.c   ****     SERIAL_USART_IT_BUFFERTYPE rword = (*DR) & 0x01FF;
 139:src/comms.c   ****     serial_usart_buffer_push(&usart2_it_RXbuffer, rword);
 140:src/comms.c   ****   }
 141:src/comms.c   **** 
 142:src/comms.c   ****   return;
 143:src/comms.c   **** }
 144:src/comms.c   **** 
ARM GAS  /tmp/cc8VfJGj.s 			page 7


 145:src/comms.c   **** #endif
 146:src/comms.c   **** 
 147:src/comms.c   **** #ifdef SERIAL_USART3_IT
 148:src/comms.c   **** 
 149:src/comms.c   **** int USART3_IT_starttx() {
 201              		.loc 1 149 25 is_stmt 1 view -0
 202              		.cfi_startproc
 203              		@ args = 0, pretend = 0, frame = 0
 204              		@ frame_needed = 0, uses_anonymous_args = 0
 205              		@ link register save eliminated.
 150:src/comms.c   ****     __HAL_UART_ENABLE_IT(&huart3, UART_IT_TXE);
 206              		.loc 1 150 5 view .LVU32
 207 0000 034B     		ldr	r3, .L17
 208 0002 1A68     		ldr	r2, [r3]
 209 0004 D368     		ldr	r3, [r2, #12]
 210 0006 43F08003 		orr	r3, r3, #128
 211 000a D360     		str	r3, [r2, #12]
 151:src/comms.c   ****     return 1;
 212              		.loc 1 151 5 view .LVU33
 152:src/comms.c   **** }
 213              		.loc 1 152 1 is_stmt 0 view .LVU34
 214 000c 0120     		movs	r0, #1
 215 000e 7047     		bx	lr
 216              	.L18:
 217              		.align	2
 218              	.L17:
 219 0010 00000000 		.word	huart3
 220              		.cfi_endproc
 221              	.LFE71:
 223              		.section	.text.serial_usart_buffer_count,"ax",%progbits
 224              		.align	1
 225              		.global	serial_usart_buffer_count
 226              		.syntax unified
 227              		.thumb
 228              		.thumb_func
 230              	serial_usart_buffer_count:
 231              	.LVL5:
 232              	.LFB74:
 153:src/comms.c   **** 
 154:src/comms.c   **** int USART3_IT_send(unsigned char *data, int len) {
 155:src/comms.c   **** 
 156:src/comms.c   ****     int count = serial_usart_buffer_count(&usart3_it_TXbuffer);
 157:src/comms.c   ****     if (count + len + 1 > SERIAL_USART_BUFFER_SIZE-3){
 158:src/comms.c   ****         usart3_it_TXbuffer.overflow++;
 159:src/comms.c   ****         return -1;
 160:src/comms.c   ****     }
 161:src/comms.c   **** 
 162:src/comms.c   ****     for (int i = 0; i < len; i++){
 163:src/comms.c   ****         serial_usart_buffer_push(&usart3_it_TXbuffer, (SERIAL_USART_IT_BUFFERTYPE) data[i]);
 164:src/comms.c   ****     }
 165:src/comms.c   **** 
 166:src/comms.c   ****     return USART3_IT_starttx();
 167:src/comms.c   **** }
 168:src/comms.c   **** 
 169:src/comms.c   **** //////////////////////////////////////////////////////
 170:src/comms.c   **** // called from actual IRQ routines
 171:src/comms.c   **** void USART3_IT_IRQ(USART_TypeDef *us) {
ARM GAS  /tmp/cc8VfJGj.s 			page 8


 172:src/comms.c   ****   volatile uint32_t *SR     = &us->SR;  // USART Status register
 173:src/comms.c   ****   volatile uint32_t *DR     = &us->DR;  // USART Data register
 174:src/comms.c   ****   volatile uint32_t *CR1    = &us->CR1; // USART Control register 1
 175:src/comms.c   **** 
 176:src/comms.c   ****   // Transmit
 177:src/comms.c   ****   if ((*SR) & UART_FLAG_TXE) {
 178:src/comms.c   ****     if (serial_usart_buffer_count(&usart3_it_TXbuffer) == 0) {
 179:src/comms.c   ****       *CR1 = (*CR1 & ~(USART_CR1_TXEIE | USART_CR1_TCIE));
 180:src/comms.c   ****     } else {
 181:src/comms.c   ****       *DR = (serial_usart_buffer_pop(&usart3_it_TXbuffer) & 0x1ff);
 182:src/comms.c   ****     }
 183:src/comms.c   ****   }
 184:src/comms.c   **** 
 185:src/comms.c   ****   // Receive
 186:src/comms.c   ****   if (((*SR) & UART_FLAG_RXNE)) {
 187:src/comms.c   ****     SERIAL_USART_IT_BUFFERTYPE rword = (*DR) & 0x01FF;
 188:src/comms.c   ****     serial_usart_buffer_push(&usart3_it_RXbuffer, rword);
 189:src/comms.c   ****   }
 190:src/comms.c   **** 
 191:src/comms.c   ****   return;
 192:src/comms.c   **** }
 193:src/comms.c   **** 
 194:src/comms.c   **** #endif
 195:src/comms.c   **** 
 196:src/comms.c   **** int serial_usart_buffer_count(volatile SERIAL_USART_BUFFER *usart_buf) {
 233              		.loc 1 196 72 is_stmt 1 view -0
 234              		.cfi_startproc
 235              		@ args = 0, pretend = 0, frame = 0
 236              		@ frame_needed = 0, uses_anonymous_args = 0
 237              		@ link register save eliminated.
 197:src/comms.c   ****     int count = usart_buf->head - usart_buf->tail;
 238              		.loc 1 197 5 view .LVU36
 239              		.loc 1 197 26 is_stmt 0 view .LVU37
 240 0000 D0F80038 		ldr	r3, [r0, #2048]
 241              		.loc 1 197 44 view .LVU38
 242 0004 D0F80408 		ldr	r0, [r0, #2052]
 243              	.LVL6:
 198:src/comms.c   ****     if (count < 0) count += SERIAL_USART_BUFFER_SIZE;
 244              		.loc 1 198 5 is_stmt 1 view .LVU39
 245              		.loc 1 198 8 is_stmt 0 view .LVU40
 246 0008 181A     		subs	r0, r3, r0
 247              	.LVL7:
 248              		.loc 1 198 8 view .LVU41
 249 000a 00D4     		bmi	.L21
 250              	.LVL8:
 251              	.L19:
 199:src/comms.c   ****     return count;
 200:src/comms.c   **** }
 252              		.loc 1 200 1 view .LVU42
 253 000c 7047     		bx	lr
 254              	.LVL9:
 255              	.L21:
 198:src/comms.c   ****     if (count < 0) count += SERIAL_USART_BUFFER_SIZE;
 256              		.loc 1 198 20 is_stmt 1 discriminator 1 view .LVU43
 198:src/comms.c   ****     if (count < 0) count += SERIAL_USART_BUFFER_SIZE;
 257              		.loc 1 198 26 is_stmt 0 discriminator 1 view .LVU44
 258 000e 00F58060 		add	r0, r0, #1024
ARM GAS  /tmp/cc8VfJGj.s 			page 9


 259              	.LVL10:
 199:src/comms.c   ****     return count;
 260              		.loc 1 199 5 is_stmt 1 view .LVU45
 199:src/comms.c   ****     return count;
 261              		.loc 1 199 12 is_stmt 0 view .LVU46
 262 0012 FBE7     		b	.L19
 263              		.cfi_endproc
 264              	.LFE74:
 266              		.section	.text.serial_usart_buffer_push,"ax",%progbits
 267              		.align	1
 268              		.global	serial_usart_buffer_push
 269              		.syntax unified
 270              		.thumb
 271              		.thumb_func
 273              	serial_usart_buffer_push:
 274              	.LVL11:
 275              	.LFB75:
 201:src/comms.c   **** 
 202:src/comms.c   **** void serial_usart_buffer_push(volatile SERIAL_USART_BUFFER *usart_buf, SERIAL_USART_IT_BUFFERTYPE v
 276              		.loc 1 202 106 is_stmt 1 view -0
 277              		.cfi_startproc
 278              		@ args = 0, pretend = 0, frame = 0
 279              		@ frame_needed = 0, uses_anonymous_args = 0
 280              		.loc 1 202 106 is_stmt 0 view .LVU48
 281 0000 38B5     		push	{r3, r4, r5, lr}
 282              	.LCFI3:
 283              		.cfi_def_cfa_offset 16
 284              		.cfi_offset 3, -16
 285              		.cfi_offset 4, -12
 286              		.cfi_offset 5, -8
 287              		.cfi_offset 14, -4
 288 0002 0446     		mov	r4, r0
 289 0004 0D46     		mov	r5, r1
 203:src/comms.c   ****     int count = serial_usart_buffer_count(usart_buf);
 290              		.loc 1 203 5 is_stmt 1 view .LVU49
 291              		.loc 1 203 17 is_stmt 0 view .LVU50
 292 0006 FFF7FEFF 		bl	serial_usart_buffer_count
 293              	.LVL12:
 204:src/comms.c   ****     if (count >=  SERIAL_USART_BUFFER_SIZE-2){
 294              		.loc 1 204 5 is_stmt 1 view .LVU51
 295              		.loc 1 204 8 is_stmt 0 view .LVU52
 296 000a 40F2FD33 		movw	r3, #1021
 297 000e 9842     		cmp	r0, r3
 298 0010 10DC     		bgt	.L26
 205:src/comms.c   ****         usart_buf->overflow++;
 206:src/comms.c   ****         return;
 207:src/comms.c   ****     }
 208:src/comms.c   **** 
 209:src/comms.c   ****     usart_buf->buff[usart_buf->head] = value;
 299              		.loc 1 209 5 is_stmt 1 view .LVU53
 300              		.loc 1 209 30 is_stmt 0 view .LVU54
 301 0012 D4F80038 		ldr	r3, [r4, #2048]
 302              		.loc 1 209 38 view .LVU55
 303 0016 24F81350 		strh	r5, [r4, r3, lsl #1]	@ movhi
 210:src/comms.c   ****     usart_buf->head = ((usart_buf->head + 1 ) % SERIAL_USART_BUFFER_SIZE);
 304              		.loc 1 210 5 is_stmt 1 view .LVU56
 305              		.loc 1 210 34 is_stmt 0 view .LVU57
ARM GAS  /tmp/cc8VfJGj.s 			page 10


 306 001a D4F80038 		ldr	r3, [r4, #2048]
 307              		.loc 1 210 41 view .LVU58
 308 001e 0133     		adds	r3, r3, #1
 309              		.loc 1 210 47 view .LVU59
 310 0020 5A42     		rsbs	r2, r3, #0
 311 0022 C3F30903 		ubfx	r3, r3, #0, #10
 312 0026 C2F30902 		ubfx	r2, r2, #0, #10
 313 002a 58BF     		it	pl
 314 002c 5342     		rsbpl	r3, r2, #0
 315              		.loc 1 210 21 view .LVU60
 316 002e C4F80038 		str	r3, [r4, #2048]
 317              	.L22:
 211:src/comms.c   **** }
 318              		.loc 1 211 1 view .LVU61
 319 0032 38BD     		pop	{r3, r4, r5, pc}
 320              	.LVL13:
 321              	.L26:
 205:src/comms.c   ****         usart_buf->overflow++;
 322              		.loc 1 205 9 is_stmt 1 view .LVU62
 205:src/comms.c   ****         usart_buf->overflow++;
 323              		.loc 1 205 18 is_stmt 0 view .LVU63
 324 0034 D4F80838 		ldr	r3, [r4, #2056]
 205:src/comms.c   ****         usart_buf->overflow++;
 325              		.loc 1 205 28 view .LVU64
 326 0038 0133     		adds	r3, r3, #1
 327 003a C4F80838 		str	r3, [r4, #2056]
 206:src/comms.c   ****     }
 328              		.loc 1 206 9 is_stmt 1 view .LVU65
 329 003e F8E7     		b	.L22
 330              		.cfi_endproc
 331              	.LFE75:
 333              		.section	.text.USART2_IT_send,"ax",%progbits
 334              		.align	1
 335              		.global	USART2_IT_send
 336              		.syntax unified
 337              		.thumb
 338              		.thumb_func
 340              	USART2_IT_send:
 341              	.LVL14:
 342              	.LFB69:
 105:src/comms.c   **** 
 343              		.loc 1 105 50 view -0
 344              		.cfi_startproc
 345              		@ args = 0, pretend = 0, frame = 0
 346              		@ frame_needed = 0, uses_anonymous_args = 0
 105:src/comms.c   **** 
 347              		.loc 1 105 50 is_stmt 0 view .LVU67
 348 0000 70B5     		push	{r4, r5, r6, lr}
 349              	.LCFI4:
 350              		.cfi_def_cfa_offset 16
 351              		.cfi_offset 4, -16
 352              		.cfi_offset 5, -12
 353              		.cfi_offset 6, -8
 354              		.cfi_offset 14, -4
 355 0002 0646     		mov	r6, r0
 356 0004 0D46     		mov	r5, r1
 107:src/comms.c   ****     if (count + len + 1 > SERIAL_USART_BUFFER_SIZE-3){
ARM GAS  /tmp/cc8VfJGj.s 			page 11


 357              		.loc 1 107 5 is_stmt 1 view .LVU68
 107:src/comms.c   ****     if (count + len + 1 > SERIAL_USART_BUFFER_SIZE-3){
 358              		.loc 1 107 17 is_stmt 0 view .LVU69
 359 0006 0E48     		ldr	r0, .L34
 360              	.LVL15:
 107:src/comms.c   ****     if (count + len + 1 > SERIAL_USART_BUFFER_SIZE-3){
 361              		.loc 1 107 17 view .LVU70
 362 0008 FFF7FEFF 		bl	serial_usart_buffer_count
 363              	.LVL16:
 108:src/comms.c   ****         usart2_it_TXbuffer.overflow++;
 364              		.loc 1 108 5 is_stmt 1 view .LVU71
 108:src/comms.c   ****         usart2_it_TXbuffer.overflow++;
 365              		.loc 1 108 15 is_stmt 0 view .LVU72
 366 000c 2844     		add	r0, r0, r5
 367              	.LVL17:
 108:src/comms.c   ****         usart2_it_TXbuffer.overflow++;
 368              		.loc 1 108 8 view .LVU73
 369 000e B0F57F7F 		cmp	r0, #1020
 370 0012 01DC     		bgt	.L33
 371              	.LBB2:
 113:src/comms.c   ****         serial_usart_buffer_push(&usart2_it_TXbuffer, (SERIAL_USART_IT_BUFFERTYPE) data[i]);
 372              		.loc 1 113 14 view .LVU74
 373 0014 0024     		movs	r4, #0
 374 0016 0DE0     		b	.L28
 375              	.L33:
 376              	.LBE2:
 109:src/comms.c   ****         return -1;
 377              		.loc 1 109 9 is_stmt 1 view .LVU75
 109:src/comms.c   ****         return -1;
 378              		.loc 1 109 27 is_stmt 0 view .LVU76
 379 0018 094A     		ldr	r2, .L34
 380 001a D2F80838 		ldr	r3, [r2, #2056]
 109:src/comms.c   ****         return -1;
 381              		.loc 1 109 36 view .LVU77
 382 001e 0133     		adds	r3, r3, #1
 383 0020 C2F80838 		str	r3, [r2, #2056]
 110:src/comms.c   ****     }
 384              		.loc 1 110 9 is_stmt 1 view .LVU78
 110:src/comms.c   ****     }
 385              		.loc 1 110 16 is_stmt 0 view .LVU79
 386 0024 4FF0FF30 		mov	r0, #-1
 387 0028 08E0     		b	.L27
 388              	.LVL18:
 389              	.L30:
 390              	.LBB3:
 114:src/comms.c   ****     }
 391              		.loc 1 114 9 is_stmt 1 view .LVU80
 392 002a 315D     		ldrb	r1, [r6, r4]	@ zero_extendqisi2
 393 002c 0448     		ldr	r0, .L34
 394 002e FFF7FEFF 		bl	serial_usart_buffer_push
 395              	.LVL19:
 113:src/comms.c   ****         serial_usart_buffer_push(&usart2_it_TXbuffer, (SERIAL_USART_IT_BUFFERTYPE) data[i]);
 396              		.loc 1 113 31 discriminator 3 view .LVU81
 397 0032 0134     		adds	r4, r4, #1
 398              	.LVL20:
 399              	.L28:
 113:src/comms.c   ****         serial_usart_buffer_push(&usart2_it_TXbuffer, (SERIAL_USART_IT_BUFFERTYPE) data[i]);
ARM GAS  /tmp/cc8VfJGj.s 			page 12


 400              		.loc 1 113 23 discriminator 1 view .LVU82
 401 0034 AC42     		cmp	r4, r5
 402 0036 F8DB     		blt	.L30
 403              	.LBE3:
 117:src/comms.c   **** }
 404              		.loc 1 117 5 view .LVU83
 117:src/comms.c   **** }
 405              		.loc 1 117 12 is_stmt 0 view .LVU84
 406 0038 FFF7FEFF 		bl	USART2_IT_starttx
 407              	.LVL21:
 408              	.L27:
 118:src/comms.c   **** 
 409              		.loc 1 118 1 view .LVU85
 410 003c 70BD     		pop	{r4, r5, r6, pc}
 411              	.LVL22:
 412              	.L35:
 118:src/comms.c   **** 
 413              		.loc 1 118 1 view .LVU86
 414 003e 00BF     		.align	2
 415              	.L34:
 416 0040 00000000 		.word	usart2_it_TXbuffer
 417              		.cfi_endproc
 418              	.LFE69:
 420              		.section	.text.USART3_IT_send,"ax",%progbits
 421              		.align	1
 422              		.global	USART3_IT_send
 423              		.syntax unified
 424              		.thumb
 425              		.thumb_func
 427              	USART3_IT_send:
 428              	.LVL23:
 429              	.LFB72:
 154:src/comms.c   **** 
 430              		.loc 1 154 50 is_stmt 1 view -0
 431              		.cfi_startproc
 432              		@ args = 0, pretend = 0, frame = 0
 433              		@ frame_needed = 0, uses_anonymous_args = 0
 154:src/comms.c   **** 
 434              		.loc 1 154 50 is_stmt 0 view .LVU88
 435 0000 70B5     		push	{r4, r5, r6, lr}
 436              	.LCFI5:
 437              		.cfi_def_cfa_offset 16
 438              		.cfi_offset 4, -16
 439              		.cfi_offset 5, -12
 440              		.cfi_offset 6, -8
 441              		.cfi_offset 14, -4
 442 0002 0646     		mov	r6, r0
 443 0004 0D46     		mov	r5, r1
 156:src/comms.c   ****     if (count + len + 1 > SERIAL_USART_BUFFER_SIZE-3){
 444              		.loc 1 156 5 is_stmt 1 view .LVU89
 156:src/comms.c   ****     if (count + len + 1 > SERIAL_USART_BUFFER_SIZE-3){
 445              		.loc 1 156 17 is_stmt 0 view .LVU90
 446 0006 0E48     		ldr	r0, .L43
 447              	.LVL24:
 156:src/comms.c   ****     if (count + len + 1 > SERIAL_USART_BUFFER_SIZE-3){
 448              		.loc 1 156 17 view .LVU91
 449 0008 FFF7FEFF 		bl	serial_usart_buffer_count
ARM GAS  /tmp/cc8VfJGj.s 			page 13


 450              	.LVL25:
 157:src/comms.c   ****         usart3_it_TXbuffer.overflow++;
 451              		.loc 1 157 5 is_stmt 1 view .LVU92
 157:src/comms.c   ****         usart3_it_TXbuffer.overflow++;
 452              		.loc 1 157 15 is_stmt 0 view .LVU93
 453 000c 2844     		add	r0, r0, r5
 454              	.LVL26:
 157:src/comms.c   ****         usart3_it_TXbuffer.overflow++;
 455              		.loc 1 157 8 view .LVU94
 456 000e B0F57F7F 		cmp	r0, #1020
 457 0012 01DC     		bgt	.L42
 458              	.LBB4:
 162:src/comms.c   ****         serial_usart_buffer_push(&usart3_it_TXbuffer, (SERIAL_USART_IT_BUFFERTYPE) data[i]);
 459              		.loc 1 162 14 view .LVU95
 460 0014 0024     		movs	r4, #0
 461 0016 0DE0     		b	.L37
 462              	.L42:
 463              	.LBE4:
 158:src/comms.c   ****         return -1;
 464              		.loc 1 158 9 is_stmt 1 view .LVU96
 158:src/comms.c   ****         return -1;
 465              		.loc 1 158 27 is_stmt 0 view .LVU97
 466 0018 094A     		ldr	r2, .L43
 467 001a D2F80838 		ldr	r3, [r2, #2056]
 158:src/comms.c   ****         return -1;
 468              		.loc 1 158 36 view .LVU98
 469 001e 0133     		adds	r3, r3, #1
 470 0020 C2F80838 		str	r3, [r2, #2056]
 159:src/comms.c   ****     }
 471              		.loc 1 159 9 is_stmt 1 view .LVU99
 159:src/comms.c   ****     }
 472              		.loc 1 159 16 is_stmt 0 view .LVU100
 473 0024 4FF0FF30 		mov	r0, #-1
 474 0028 08E0     		b	.L36
 475              	.LVL27:
 476              	.L39:
 477              	.LBB5:
 163:src/comms.c   ****     }
 478              		.loc 1 163 9 is_stmt 1 view .LVU101
 479 002a 315D     		ldrb	r1, [r6, r4]	@ zero_extendqisi2
 480 002c 0448     		ldr	r0, .L43
 481 002e FFF7FEFF 		bl	serial_usart_buffer_push
 482              	.LVL28:
 162:src/comms.c   ****         serial_usart_buffer_push(&usart3_it_TXbuffer, (SERIAL_USART_IT_BUFFERTYPE) data[i]);
 483              		.loc 1 162 31 discriminator 3 view .LVU102
 484 0032 0134     		adds	r4, r4, #1
 485              	.LVL29:
 486              	.L37:
 162:src/comms.c   ****         serial_usart_buffer_push(&usart3_it_TXbuffer, (SERIAL_USART_IT_BUFFERTYPE) data[i]);
 487              		.loc 1 162 23 discriminator 1 view .LVU103
 488 0034 AC42     		cmp	r4, r5
 489 0036 F8DB     		blt	.L39
 490              	.LBE5:
 166:src/comms.c   **** }
 491              		.loc 1 166 5 view .LVU104
 166:src/comms.c   **** }
 492              		.loc 1 166 12 is_stmt 0 view .LVU105
ARM GAS  /tmp/cc8VfJGj.s 			page 14


 493 0038 FFF7FEFF 		bl	USART3_IT_starttx
 494              	.LVL30:
 495              	.L36:
 167:src/comms.c   **** 
 496              		.loc 1 167 1 view .LVU106
 497 003c 70BD     		pop	{r4, r5, r6, pc}
 498              	.LVL31:
 499              	.L44:
 167:src/comms.c   **** 
 500              		.loc 1 167 1 view .LVU107
 501 003e 00BF     		.align	2
 502              	.L43:
 503 0040 00000000 		.word	usart3_it_TXbuffer
 504              		.cfi_endproc
 505              	.LFE72:
 507              		.section	.text.serial_usart_buffer_pop,"ax",%progbits
 508              		.align	1
 509              		.global	serial_usart_buffer_pop
 510              		.syntax unified
 511              		.thumb
 512              		.thumb_func
 514              	serial_usart_buffer_pop:
 515              	.LVL32:
 516              	.LFB76:
 212:src/comms.c   **** 
 213:src/comms.c   **** SERIAL_USART_IT_BUFFERTYPE serial_usart_buffer_pop(volatile SERIAL_USART_BUFFER *usart_buf) {
 517              		.loc 1 213 93 is_stmt 1 view -0
 518              		.cfi_startproc
 519              		@ args = 0, pretend = 0, frame = 0
 520              		@ frame_needed = 0, uses_anonymous_args = 0
 521              		@ link register save eliminated.
 522              		.loc 1 213 93 is_stmt 0 view .LVU109
 523 0000 0346     		mov	r3, r0
 214:src/comms.c   ****   SERIAL_USART_IT_BUFFERTYPE t = 0;
 524              		.loc 1 214 3 is_stmt 1 view .LVU110
 525              	.LVL33:
 215:src/comms.c   ****   if (usart_buf->head != usart_buf->tail){
 526              		.loc 1 215 3 view .LVU111
 527              		.loc 1 215 16 is_stmt 0 view .LVU112
 528 0002 D0F80018 		ldr	r1, [r0, #2048]
 529              		.loc 1 215 35 view .LVU113
 530 0006 D0F80428 		ldr	r2, [r0, #2052]
 531              		.loc 1 215 6 view .LVU114
 532 000a 9142     		cmp	r1, r2
 533 000c 11D0     		beq	.L47
 216:src/comms.c   ****       t = usart_buf->buff[usart_buf->tail];
 534              		.loc 1 216 7 is_stmt 1 view .LVU115
 535              		.loc 1 216 36 is_stmt 0 view .LVU116
 536 000e D0F80428 		ldr	r2, [r0, #2052]
 537              		.loc 1 216 9 view .LVU117
 538 0012 30F81200 		ldrh	r0, [r0, r2, lsl #1]
 539              	.LVL34:
 540              		.loc 1 216 9 view .LVU118
 541 0016 80B2     		uxth	r0, r0
 542              	.LVL35:
 217:src/comms.c   ****       usart_buf->tail = ((usart_buf->tail + 1 ) % SERIAL_USART_BUFFER_SIZE);
 543              		.loc 1 217 7 is_stmt 1 view .LVU119
ARM GAS  /tmp/cc8VfJGj.s 			page 15


 544              		.loc 1 217 36 is_stmt 0 view .LVU120
 545 0018 D3F80428 		ldr	r2, [r3, #2052]
 546              		.loc 1 217 43 view .LVU121
 547 001c 0132     		adds	r2, r2, #1
 548              		.loc 1 217 49 view .LVU122
 549 001e 5142     		rsbs	r1, r2, #0
 550 0020 C2F30902 		ubfx	r2, r2, #0, #10
 551 0024 C1F30901 		ubfx	r1, r1, #0, #10
 552 0028 58BF     		it	pl
 553 002a 4A42     		rsbpl	r2, r1, #0
 554              		.loc 1 217 23 view .LVU123
 555 002c C3F80428 		str	r2, [r3, #2052]
 556 0030 7047     		bx	lr
 557              	.LVL36:
 558              	.L47:
 214:src/comms.c   ****   if (usart_buf->head != usart_buf->tail){
 559              		.loc 1 214 30 view .LVU124
 560 0032 0020     		movs	r0, #0
 561              	.LVL37:
 218:src/comms.c   ****   }
 219:src/comms.c   ****   return t;
 562              		.loc 1 219 3 is_stmt 1 view .LVU125
 220:src/comms.c   **** }
 563              		.loc 1 220 1 is_stmt 0 view .LVU126
 564 0034 7047     		bx	lr
 565              		.cfi_endproc
 566              	.LFE76:
 568              		.section	.text.USART2_IT_IRQ,"ax",%progbits
 569              		.align	1
 570              		.global	USART2_IT_IRQ
 571              		.syntax unified
 572              		.thumb
 573              		.thumb_func
 575              	USART2_IT_IRQ:
 576              	.LVL38:
 577              	.LFB70:
 122:src/comms.c   ****   volatile uint32_t *SR     = &us->SR;  // USART Status register
 578              		.loc 1 122 39 is_stmt 1 view -0
 579              		.cfi_startproc
 580              		@ args = 0, pretend = 0, frame = 0
 581              		@ frame_needed = 0, uses_anonymous_args = 0
 122:src/comms.c   ****   volatile uint32_t *SR     = &us->SR;  // USART Status register
 582              		.loc 1 122 39 is_stmt 0 view .LVU128
 583 0000 10B5     		push	{r4, lr}
 584              	.LCFI6:
 585              		.cfi_def_cfa_offset 8
 586              		.cfi_offset 4, -8
 587              		.cfi_offset 14, -4
 588 0002 0446     		mov	r4, r0
 123:src/comms.c   ****   volatile uint32_t *DR     = &us->DR;  // USART Data register
 589              		.loc 1 123 3 is_stmt 1 view .LVU129
 590              	.LVL39:
 124:src/comms.c   ****   volatile uint32_t *CR1    = &us->CR1; // USART Control register 1
 591              		.loc 1 124 3 view .LVU130
 125:src/comms.c   **** 
 592              		.loc 1 125 3 view .LVU131
 128:src/comms.c   ****     if (serial_usart_buffer_count(&usart2_it_TXbuffer) == 0) {
ARM GAS  /tmp/cc8VfJGj.s 			page 16


 593              		.loc 1 128 3 view .LVU132
 128:src/comms.c   ****     if (serial_usart_buffer_count(&usart2_it_TXbuffer) == 0) {
 594              		.loc 1 128 8 is_stmt 0 view .LVU133
 595 0004 0368     		ldr	r3, [r0]
 128:src/comms.c   ****     if (serial_usart_buffer_count(&usart2_it_TXbuffer) == 0) {
 596              		.loc 1 128 6 view .LVU134
 597 0006 13F0800F 		tst	r3, #128
 598 000a 04D1     		bne	.L53
 599              	.LVL40:
 600              	.L49:
 137:src/comms.c   ****     SERIAL_USART_IT_BUFFERTYPE rword = (*DR) & 0x01FF;
 601              		.loc 1 137 3 is_stmt 1 view .LVU135
 137:src/comms.c   ****     SERIAL_USART_IT_BUFFERTYPE rword = (*DR) & 0x01FF;
 602              		.loc 1 137 9 is_stmt 0 view .LVU136
 603 000c 2368     		ldr	r3, [r4]
 137:src/comms.c   ****     SERIAL_USART_IT_BUFFERTYPE rword = (*DR) & 0x01FF;
 604              		.loc 1 137 6 view .LVU137
 605 000e 13F0200F 		tst	r3, #32
 606 0012 10D1     		bne	.L54
 607              	.L48:
 143:src/comms.c   **** 
 608              		.loc 1 143 1 view .LVU138
 609 0014 10BD     		pop	{r4, pc}
 610              	.LVL41:
 611              	.L53:
 129:src/comms.c   ****       *CR1 = (*CR1 & ~(USART_CR1_TXEIE | USART_CR1_TCIE));
 612              		.loc 1 129 5 is_stmt 1 view .LVU139
 129:src/comms.c   ****       *CR1 = (*CR1 & ~(USART_CR1_TXEIE | USART_CR1_TCIE));
 613              		.loc 1 129 9 is_stmt 0 view .LVU140
 614 0016 0B48     		ldr	r0, .L55
 615              	.LVL42:
 129:src/comms.c   ****       *CR1 = (*CR1 & ~(USART_CR1_TXEIE | USART_CR1_TCIE));
 616              		.loc 1 129 9 view .LVU141
 617 0018 FFF7FEFF 		bl	serial_usart_buffer_count
 618              	.LVL43:
 129:src/comms.c   ****       *CR1 = (*CR1 & ~(USART_CR1_TXEIE | USART_CR1_TCIE));
 619              		.loc 1 129 8 discriminator 1 view .LVU142
 620 001c 20B9     		cbnz	r0, .L50
 130:src/comms.c   ****     } else {
 621              		.loc 1 130 7 is_stmt 1 view .LVU143
 130:src/comms.c   ****     } else {
 622              		.loc 1 130 15 is_stmt 0 view .LVU144
 623 001e E368     		ldr	r3, [r4, #12]
 130:src/comms.c   ****     } else {
 624              		.loc 1 130 20 view .LVU145
 625 0020 23F0C003 		bic	r3, r3, #192
 130:src/comms.c   ****     } else {
 626              		.loc 1 130 12 view .LVU146
 627 0024 E360     		str	r3, [r4, #12]
 628 0026 F1E7     		b	.L49
 629              	.L50:
 132:src/comms.c   ****     }
 630              		.loc 1 132 7 is_stmt 1 view .LVU147
 132:src/comms.c   ****     }
 631              		.loc 1 132 14 is_stmt 0 view .LVU148
 632 0028 0648     		ldr	r0, .L55
 633 002a FFF7FEFF 		bl	serial_usart_buffer_pop
ARM GAS  /tmp/cc8VfJGj.s 			page 17


 634              	.LVL44:
 132:src/comms.c   ****     }
 635              		.loc 1 132 59 discriminator 1 view .LVU149
 636 002e C0F30800 		ubfx	r0, r0, #0, #9
 132:src/comms.c   ****     }
 637              		.loc 1 132 11 discriminator 1 view .LVU150
 638 0032 6060     		str	r0, [r4, #4]
 639 0034 EAE7     		b	.L49
 640              	.L54:
 641              	.LBB6:
 138:src/comms.c   ****     serial_usart_buffer_push(&usart2_it_RXbuffer, rword);
 642              		.loc 1 138 5 is_stmt 1 view .LVU151
 138:src/comms.c   ****     serial_usart_buffer_push(&usart2_it_RXbuffer, rword);
 643              		.loc 1 138 41 is_stmt 0 view .LVU152
 644 0036 6168     		ldr	r1, [r4, #4]
 645              	.LVL45:
 139:src/comms.c   ****   }
 646              		.loc 1 139 5 is_stmt 1 view .LVU153
 647 0038 C1F30801 		ubfx	r1, r1, #0, #9
 648              	.LVL46:
 139:src/comms.c   ****   }
 649              		.loc 1 139 5 is_stmt 0 view .LVU154
 650 003c 0248     		ldr	r0, .L55+4
 651 003e FFF7FEFF 		bl	serial_usart_buffer_push
 652              	.LVL47:
 653              	.LBE6:
 142:src/comms.c   **** }
 654              		.loc 1 142 3 is_stmt 1 view .LVU155
 655 0042 E7E7     		b	.L48
 656              	.L56:
 657              		.align	2
 658              	.L55:
 659 0044 00000000 		.word	usart2_it_TXbuffer
 660 0048 00000000 		.word	usart2_it_RXbuffer
 661              		.cfi_endproc
 662              	.LFE70:
 664              		.section	.text.USART3_IT_IRQ,"ax",%progbits
 665              		.align	1
 666              		.global	USART3_IT_IRQ
 667              		.syntax unified
 668              		.thumb
 669              		.thumb_func
 671              	USART3_IT_IRQ:
 672              	.LVL48:
 673              	.LFB73:
 171:src/comms.c   ****   volatile uint32_t *SR     = &us->SR;  // USART Status register
 674              		.loc 1 171 39 view -0
 675              		.cfi_startproc
 676              		@ args = 0, pretend = 0, frame = 0
 677              		@ frame_needed = 0, uses_anonymous_args = 0
 171:src/comms.c   ****   volatile uint32_t *SR     = &us->SR;  // USART Status register
 678              		.loc 1 171 39 is_stmt 0 view .LVU157
 679 0000 10B5     		push	{r4, lr}
 680              	.LCFI7:
 681              		.cfi_def_cfa_offset 8
 682              		.cfi_offset 4, -8
 683              		.cfi_offset 14, -4
ARM GAS  /tmp/cc8VfJGj.s 			page 18


 684 0002 0446     		mov	r4, r0
 172:src/comms.c   ****   volatile uint32_t *DR     = &us->DR;  // USART Data register
 685              		.loc 1 172 3 is_stmt 1 view .LVU158
 686              	.LVL49:
 173:src/comms.c   ****   volatile uint32_t *CR1    = &us->CR1; // USART Control register 1
 687              		.loc 1 173 3 view .LVU159
 174:src/comms.c   **** 
 688              		.loc 1 174 3 view .LVU160
 177:src/comms.c   ****     if (serial_usart_buffer_count(&usart3_it_TXbuffer) == 0) {
 689              		.loc 1 177 3 view .LVU161
 177:src/comms.c   ****     if (serial_usart_buffer_count(&usart3_it_TXbuffer) == 0) {
 690              		.loc 1 177 8 is_stmt 0 view .LVU162
 691 0004 0368     		ldr	r3, [r0]
 177:src/comms.c   ****     if (serial_usart_buffer_count(&usart3_it_TXbuffer) == 0) {
 692              		.loc 1 177 6 view .LVU163
 693 0006 13F0800F 		tst	r3, #128
 694 000a 04D1     		bne	.L62
 695              	.LVL50:
 696              	.L58:
 186:src/comms.c   ****     SERIAL_USART_IT_BUFFERTYPE rword = (*DR) & 0x01FF;
 697              		.loc 1 186 3 is_stmt 1 view .LVU164
 186:src/comms.c   ****     SERIAL_USART_IT_BUFFERTYPE rword = (*DR) & 0x01FF;
 698              		.loc 1 186 9 is_stmt 0 view .LVU165
 699 000c 2368     		ldr	r3, [r4]
 186:src/comms.c   ****     SERIAL_USART_IT_BUFFERTYPE rword = (*DR) & 0x01FF;
 700              		.loc 1 186 6 view .LVU166
 701 000e 13F0200F 		tst	r3, #32
 702 0012 10D1     		bne	.L63
 703              	.L57:
 192:src/comms.c   **** 
 704              		.loc 1 192 1 view .LVU167
 705 0014 10BD     		pop	{r4, pc}
 706              	.LVL51:
 707              	.L62:
 178:src/comms.c   ****       *CR1 = (*CR1 & ~(USART_CR1_TXEIE | USART_CR1_TCIE));
 708              		.loc 1 178 5 is_stmt 1 view .LVU168
 178:src/comms.c   ****       *CR1 = (*CR1 & ~(USART_CR1_TXEIE | USART_CR1_TCIE));
 709              		.loc 1 178 9 is_stmt 0 view .LVU169
 710 0016 0B48     		ldr	r0, .L64
 711              	.LVL52:
 178:src/comms.c   ****       *CR1 = (*CR1 & ~(USART_CR1_TXEIE | USART_CR1_TCIE));
 712              		.loc 1 178 9 view .LVU170
 713 0018 FFF7FEFF 		bl	serial_usart_buffer_count
 714              	.LVL53:
 178:src/comms.c   ****       *CR1 = (*CR1 & ~(USART_CR1_TXEIE | USART_CR1_TCIE));
 715              		.loc 1 178 8 discriminator 1 view .LVU171
 716 001c 20B9     		cbnz	r0, .L59
 179:src/comms.c   ****     } else {
 717              		.loc 1 179 7 is_stmt 1 view .LVU172
 179:src/comms.c   ****     } else {
 718              		.loc 1 179 15 is_stmt 0 view .LVU173
 719 001e E368     		ldr	r3, [r4, #12]
 179:src/comms.c   ****     } else {
 720              		.loc 1 179 20 view .LVU174
 721 0020 23F0C003 		bic	r3, r3, #192
 179:src/comms.c   ****     } else {
 722              		.loc 1 179 12 view .LVU175
ARM GAS  /tmp/cc8VfJGj.s 			page 19


 723 0024 E360     		str	r3, [r4, #12]
 724 0026 F1E7     		b	.L58
 725              	.L59:
 181:src/comms.c   ****     }
 726              		.loc 1 181 7 is_stmt 1 view .LVU176
 181:src/comms.c   ****     }
 727              		.loc 1 181 14 is_stmt 0 view .LVU177
 728 0028 0648     		ldr	r0, .L64
 729 002a FFF7FEFF 		bl	serial_usart_buffer_pop
 730              	.LVL54:
 181:src/comms.c   ****     }
 731              		.loc 1 181 59 discriminator 1 view .LVU178
 732 002e C0F30800 		ubfx	r0, r0, #0, #9
 181:src/comms.c   ****     }
 733              		.loc 1 181 11 discriminator 1 view .LVU179
 734 0032 6060     		str	r0, [r4, #4]
 735 0034 EAE7     		b	.L58
 736              	.L63:
 737              	.LBB7:
 187:src/comms.c   ****     serial_usart_buffer_push(&usart3_it_RXbuffer, rword);
 738              		.loc 1 187 5 is_stmt 1 view .LVU180
 187:src/comms.c   ****     serial_usart_buffer_push(&usart3_it_RXbuffer, rword);
 739              		.loc 1 187 41 is_stmt 0 view .LVU181
 740 0036 6168     		ldr	r1, [r4, #4]
 741              	.LVL55:
 188:src/comms.c   ****   }
 742              		.loc 1 188 5 is_stmt 1 view .LVU182
 743 0038 C1F30801 		ubfx	r1, r1, #0, #9
 744              	.LVL56:
 188:src/comms.c   ****   }
 745              		.loc 1 188 5 is_stmt 0 view .LVU183
 746 003c 0248     		ldr	r0, .L64+4
 747 003e FFF7FEFF 		bl	serial_usart_buffer_push
 748              	.LVL57:
 749              	.LBE7:
 191:src/comms.c   **** }
 750              		.loc 1 191 3 is_stmt 1 view .LVU184
 751 0042 E7E7     		b	.L57
 752              	.L65:
 753              		.align	2
 754              	.L64:
 755 0044 00000000 		.word	usart3_it_TXbuffer
 756 0048 00000000 		.word	usart3_it_RXbuffer
 757              		.cfi_endproc
 758              	.LFE73:
 760              		.global	enablescope
 761              		.section	.data.enablescope,"aw"
 764              	enablescope:
 765 0000 01       		.byte	1
 766              		.global	debug_out
 767              		.section	.data.debug_out,"aw"
 770              	debug_out:
 771 0000 01       		.byte	1
 772              		.comm	usart3_it_RXbuffer,2060,4
 773              		.comm	usart3_it_TXbuffer,2060,4
 774              		.comm	usart2_it_RXbuffer,2060,4
 775              		.comm	usart2_it_TXbuffer,2060,4
ARM GAS  /tmp/cc8VfJGj.s 			page 20


 776              		.comm	ch_buf,16,4
 777              		.comm	uart_buf,100,4
 778              		.text
 779              	.Letext0:
 780              		.file 2 "/usr/lib/gcc/arm-none-eabi/13.2.1/include/stdint.h"
 781              		.file 3 "Drivers/CMSIS/Device/ST/STM32F1xx/Include/stm32f103xe.h"
 782              		.file 4 "/usr/lib/gcc/arm-none-eabi/13.2.1/include/stddef.h"
 783              		.file 5 "Drivers/STM32F1xx_HAL_Driver/Inc/stm32f1xx_hal_def.h"
 784              		.file 6 "Drivers/STM32F1xx_HAL_Driver/Inc/stm32f1xx_hal_dma.h"
 785              		.file 7 "Drivers/STM32F1xx_HAL_Driver/Inc/stm32f1xx_hal_uart.h"
 786              		.file 8 "inc/comms.h"
 787              		.file 9 "inc/softwareserial.h"
 788              		.file 10 "/usr/include/newlib/string.h"
 789              		.file 11 "/usr/include/newlib/stdio.h"
 790              		.file 12 "<built-in>"
ARM GAS  /tmp/cc8VfJGj.s 			page 21


DEFINED SYMBOLS
                            *ABS*:00000000 comms.c
     /tmp/cc8VfJGj.s:19     .text.setScopeChannel:00000000 $t
     /tmp/cc8VfJGj.s:25     .text.setScopeChannel:00000000 setScopeChannel
     /tmp/cc8VfJGj.s:42     .text.setScopeChannel:00000008 $d
                            *COM*:00000010 ch_buf
     /tmp/cc8VfJGj.s:47     .rodata.consoleScope.str1.4:00000000 $d
     /tmp/cc8VfJGj.s:51     .text.consoleScope:00000000 $t
     /tmp/cc8VfJGj.s:57     .text.consoleScope:00000000 consoleScope
     /tmp/cc8VfJGj.s:153    .text.consoleScope:0000006c $d
     /tmp/cc8VfJGj.s:764    .data.enablescope:00000000 enablescope
     /tmp/cc8VfJGj.s:770    .data.debug_out:00000000 debug_out
                            *COM*:00000064 uart_buf
     /tmp/cc8VfJGj.s:162    .text.USART2_IT_starttx:00000000 $t
     /tmp/cc8VfJGj.s:168    .text.USART2_IT_starttx:00000000 USART2_IT_starttx
     /tmp/cc8VfJGj.s:188    .text.USART2_IT_starttx:00000010 $d
     /tmp/cc8VfJGj.s:193    .text.USART3_IT_starttx:00000000 $t
     /tmp/cc8VfJGj.s:199    .text.USART3_IT_starttx:00000000 USART3_IT_starttx
     /tmp/cc8VfJGj.s:219    .text.USART3_IT_starttx:00000010 $d
     /tmp/cc8VfJGj.s:224    .text.serial_usart_buffer_count:00000000 $t
     /tmp/cc8VfJGj.s:230    .text.serial_usart_buffer_count:00000000 serial_usart_buffer_count
     /tmp/cc8VfJGj.s:267    .text.serial_usart_buffer_push:00000000 $t
     /tmp/cc8VfJGj.s:273    .text.serial_usart_buffer_push:00000000 serial_usart_buffer_push
     /tmp/cc8VfJGj.s:334    .text.USART2_IT_send:00000000 $t
     /tmp/cc8VfJGj.s:340    .text.USART2_IT_send:00000000 USART2_IT_send
     /tmp/cc8VfJGj.s:416    .text.USART2_IT_send:00000040 $d
                            *COM*:0000080c usart2_it_TXbuffer
     /tmp/cc8VfJGj.s:421    .text.USART3_IT_send:00000000 $t
     /tmp/cc8VfJGj.s:427    .text.USART3_IT_send:00000000 USART3_IT_send
     /tmp/cc8VfJGj.s:503    .text.USART3_IT_send:00000040 $d
                            *COM*:0000080c usart3_it_TXbuffer
     /tmp/cc8VfJGj.s:508    .text.serial_usart_buffer_pop:00000000 $t
     /tmp/cc8VfJGj.s:514    .text.serial_usart_buffer_pop:00000000 serial_usart_buffer_pop
     /tmp/cc8VfJGj.s:569    .text.USART2_IT_IRQ:00000000 $t
     /tmp/cc8VfJGj.s:575    .text.USART2_IT_IRQ:00000000 USART2_IT_IRQ
     /tmp/cc8VfJGj.s:659    .text.USART2_IT_IRQ:00000044 $d
                            *COM*:0000080c usart2_it_RXbuffer
     /tmp/cc8VfJGj.s:665    .text.USART3_IT_IRQ:00000000 $t
     /tmp/cc8VfJGj.s:671    .text.USART3_IT_IRQ:00000000 USART3_IT_IRQ
     /tmp/cc8VfJGj.s:755    .text.USART3_IT_IRQ:00000044 $d
                            *COM*:0000080c usart3_it_RXbuffer

UNDEFINED SYMBOLS
memset
sprintf
strlen
softwareserial_Send
huart2
huart3
