ARM GAS  /tmp/ccA8YlOe.s 			page 1


   1              		.cpu cortex-m3
   2              		.arch armv7-m
   3              		.fpu softvfp
   4              		.eabi_attribute 20, 1
   5              		.eabi_attribute 21, 1
   6              		.eabi_attribute 23, 3
   7              		.eabi_attribute 24, 1
   8              		.eabi_attribute 25, 1
   9              		.eabi_attribute 26, 1
  10              		.eabi_attribute 30, 1
  11              		.eabi_attribute 34, 1
  12              		.eabi_attribute 18, 4
  13              		.file	"control.c"
  14              		.text
  15              	.Ltext0:
  16              		.cfi_sections	.debug_frame
  17              		.file 1 "src/control.c"
  18              		.section	.text.Nunchuck_Init,"ax",%progbits
  19              		.align	1
  20              		.global	Nunchuck_Init
  21              		.syntax unified
  22              		.thumb
  23              		.thumb_func
  25              	Nunchuck_Init:
  26              	.LFB66:
   1:src/control.c **** 
   2:src/control.c **** #include "stm32f1xx_hal.h"
   3:src/control.c **** #include "defines.h"
   4:src/control.c **** #include "setup.h"
   5:src/control.c **** #include "config.h"
   6:src/control.c **** #include <stdbool.h>
   7:src/control.c **** #include <string.h>
   8:src/control.c **** 
   9:src/control.c **** TIM_HandleTypeDef TimHandle;
  10:src/control.c **** uint8_t ppm_count = 0;
  11:src/control.c **** uint32_t input_timeout_counter = INPUT_TIMEOUT+1;
  12:src/control.c **** uint8_t nunchuck_data[6] = {0};
  13:src/control.c **** 
  14:src/control.c **** uint8_t i2cBuffer[2];
  15:src/control.c **** 
  16:src/control.c **** extern I2C_HandleTypeDef hi2c2;
  17:src/control.c **** DMA_HandleTypeDef hdma_i2c2_rx;
  18:src/control.c **** DMA_HandleTypeDef hdma_i2c2_tx;
  19:src/control.c **** 
  20:src/control.c **** #ifdef CONTROL_PPM
  21:src/control.c **** uint16_t ppm_captured_value[PPM_NUM_CHANNELS + 1] = {500, 500};
  22:src/control.c **** uint16_t ppm_captured_value_buffer[PPM_NUM_CHANNELS+1] = {500, 500};
  23:src/control.c **** uint32_t ppm_timeout = 0;
  24:src/control.c **** 
  25:src/control.c **** bool ppm_valid = true;
  26:src/control.c **** 
  27:src/control.c **** #define IN_RANGE(x, low, up) (((x) >= (low)) && ((x) <= (up)))
  28:src/control.c **** 
  29:src/control.c **** void PPM_ISR_Callback() {
  30:src/control.c ****   // Dummy loop with 16 bit count wrap around
  31:src/control.c ****   uint16_t rc_delay = TIM2->CNT;
  32:src/control.c ****   TIM2->CNT = 0;
ARM GAS  /tmp/ccA8YlOe.s 			page 2


  33:src/control.c **** 
  34:src/control.c ****   if (rc_delay > 3000) {
  35:src/control.c ****     if (ppm_valid && ppm_count == PPM_NUM_CHANNELS) {
  36:src/control.c ****       ppm_timeout = 0;
  37:src/control.c ****       memcpy(ppm_captured_value, ppm_captured_value_buffer, sizeof(ppm_captured_value));
  38:src/control.c ****     }
  39:src/control.c ****     ppm_valid = true;
  40:src/control.c ****     ppm_count = 0;
  41:src/control.c ****   }
  42:src/control.c ****   else if (ppm_count < PPM_NUM_CHANNELS && IN_RANGE(rc_delay, 900, 2100)){
  43:src/control.c ****     input_timeout_counter = 0;
  44:src/control.c ****     ppm_captured_value_buffer[ppm_count++] = CLAMP(rc_delay, 1000, 2000) - 1000;
  45:src/control.c ****   } else {
  46:src/control.c ****     ppm_valid = false;
  47:src/control.c ****   }
  48:src/control.c **** }
  49:src/control.c **** 
  50:src/control.c **** // SysTick executes once each ms
  51:src/control.c **** void PPM_SysTick_Callback() {
  52:src/control.c ****   ppm_timeout++;
  53:src/control.c ****   // Stop after 500 ms without PPM signal
  54:src/control.c ****   if(ppm_timeout > 500) {
  55:src/control.c ****     int i;
  56:src/control.c ****     for(i = 0; i < PPM_NUM_CHANNELS; i++) {
  57:src/control.c ****       ppm_captured_value[i] = 500;
  58:src/control.c ****     }
  59:src/control.c ****     ppm_timeout = 0;
  60:src/control.c ****   }
  61:src/control.c **** }
  62:src/control.c **** 
  63:src/control.c **** void PPM_Init() {
  64:src/control.c ****   GPIO_InitTypeDef GPIO_InitStruct;
  65:src/control.c ****   /*Configure GPIO pin : PA3 */
  66:src/control.c ****   GPIO_InitStruct.Pin = GPIO_PIN_3;
  67:src/control.c ****   GPIO_InitStruct.Mode = GPIO_MODE_IT_FALLING;
  68:src/control.c ****   GPIO_InitStruct.Speed = GPIO_SPEED_FREQ_HIGH;
  69:src/control.c ****   GPIO_InitStruct.Pull = GPIO_PULLDOWN;
  70:src/control.c ****   HAL_GPIO_Init(GPIOA, &GPIO_InitStruct);
  71:src/control.c **** 
  72:src/control.c ****   __HAL_RCC_TIM2_CLK_ENABLE();
  73:src/control.c ****   TimHandle.Instance = TIM2;
  74:src/control.c ****   TimHandle.Init.Period = UINT16_MAX;
  75:src/control.c ****   TimHandle.Init.Prescaler = (SystemCoreClock/DELAY_TIM_FREQUENCY_US)-1;;
  76:src/control.c ****   TimHandle.Init.ClockDivision = 0;
  77:src/control.c ****   TimHandle.Init.CounterMode = TIM_COUNTERMODE_UP;
  78:src/control.c ****   HAL_TIM_Base_Init(&TimHandle);
  79:src/control.c **** 
  80:src/control.c ****   /* EXTI interrupt init*/
  81:src/control.c ****   HAL_NVIC_SetPriority(EXTI3_IRQn, 1, 0);
  82:src/control.c ****   HAL_NVIC_EnableIRQ(EXTI3_IRQn);
  83:src/control.c ****   HAL_TIM_Base_Start(&TimHandle);
  84:src/control.c **** }
  85:src/control.c **** #endif
  86:src/control.c **** 
  87:src/control.c **** void Nunchuck_Init() {
  27              		.loc 1 87 22 view -0
  28              		.cfi_startproc
ARM GAS  /tmp/ccA8YlOe.s 			page 3


  29              		@ args = 0, pretend = 0, frame = 0
  30              		@ frame_needed = 0, uses_anonymous_args = 0
  31 0000 70B5     		push	{r4, r5, r6, lr}
  32              	.LCFI0:
  33              		.cfi_def_cfa_offset 16
  34              		.cfi_offset 4, -16
  35              		.cfi_offset 5, -12
  36              		.cfi_offset 6, -8
  37              		.cfi_offset 14, -4
  38 0002 82B0     		sub	sp, sp, #8
  39              	.LCFI1:
  40              		.cfi_def_cfa_offset 24
  88:src/control.c ****     //-- START -- init WiiNunchuck
  89:src/control.c ****   i2cBuffer[0] = 0xF0;
  41              		.loc 1 89 3 view .LVU1
  42              		.loc 1 89 16 is_stmt 0 view .LVU2
  43 0004 104C     		ldr	r4, .L3
  44 0006 F023     		movs	r3, #240
  45 0008 2370     		strb	r3, [r4]
  90:src/control.c ****   i2cBuffer[1] = 0x55;
  46              		.loc 1 90 3 is_stmt 1 view .LVU3
  47              		.loc 1 90 16 is_stmt 0 view .LVU4
  48 000a 5523     		movs	r3, #85
  49 000c 6370     		strb	r3, [r4, #1]
  91:src/control.c **** 
  92:src/control.c ****   HAL_I2C_Master_Transmit(&hi2c2,0xA4,(uint8_t*)i2cBuffer, 2, 100);
  50              		.loc 1 92 3 is_stmt 1 view .LVU5
  51 000e 0F4D     		ldr	r5, .L3+4
  52 0010 6426     		movs	r6, #100
  53 0012 0096     		str	r6, [sp]
  54 0014 0223     		movs	r3, #2
  55 0016 2246     		mov	r2, r4
  56 0018 A421     		movs	r1, #164
  57 001a 2846     		mov	r0, r5
  58 001c FFF7FEFF 		bl	HAL_I2C_Master_Transmit
  59              	.LVL0:
  93:src/control.c ****   HAL_Delay(10);
  60              		.loc 1 93 3 view .LVU6
  61 0020 0A20     		movs	r0, #10
  62 0022 FFF7FEFF 		bl	HAL_Delay
  63              	.LVL1:
  94:src/control.c **** 
  95:src/control.c ****   i2cBuffer[0] = 0xFB;
  64              		.loc 1 95 3 view .LVU7
  65              		.loc 1 95 16 is_stmt 0 view .LVU8
  66 0026 FB23     		movs	r3, #251
  67 0028 2370     		strb	r3, [r4]
  96:src/control.c ****   i2cBuffer[1] = 0x00;
  68              		.loc 1 96 3 is_stmt 1 view .LVU9
  69              		.loc 1 96 16 is_stmt 0 view .LVU10
  70 002a 0023     		movs	r3, #0
  71 002c 6370     		strb	r3, [r4, #1]
  97:src/control.c **** 
  98:src/control.c ****   HAL_I2C_Master_Transmit(&hi2c2,0xA4,(uint8_t*)i2cBuffer, 2, 100);
  72              		.loc 1 98 3 is_stmt 1 view .LVU11
  73 002e 0096     		str	r6, [sp]
  74 0030 0223     		movs	r3, #2
ARM GAS  /tmp/ccA8YlOe.s 			page 4


  75 0032 2246     		mov	r2, r4
  76 0034 A421     		movs	r1, #164
  77 0036 2846     		mov	r0, r5
  78 0038 FFF7FEFF 		bl	HAL_I2C_Master_Transmit
  79              	.LVL2:
  99:src/control.c ****   HAL_Delay(10);
  80              		.loc 1 99 3 view .LVU12
  81 003c 0A20     		movs	r0, #10
  82 003e FFF7FEFF 		bl	HAL_Delay
  83              	.LVL3:
 100:src/control.c **** }
  84              		.loc 1 100 1 is_stmt 0 view .LVU13
  85 0042 02B0     		add	sp, sp, #8
  86              	.LCFI2:
  87              		.cfi_def_cfa_offset 16
  88              		@ sp needed
  89 0044 70BD     		pop	{r4, r5, r6, pc}
  90              	.L4:
  91 0046 00BF     		.align	2
  92              	.L3:
  93 0048 00000000 		.word	i2cBuffer
  94 004c 00000000 		.word	hi2c2
  95              		.cfi_endproc
  96              	.LFE66:
  98              		.section	.text.Nunchuck_Read,"ax",%progbits
  99              		.align	1
 100              		.global	Nunchuck_Read
 101              		.syntax unified
 102              		.thumb
 103              		.thumb_func
 105              	Nunchuck_Read:
 106              	.LFB67:
 101:src/control.c **** 
 102:src/control.c **** void Nunchuck_Read() {
 107              		.loc 1 102 22 is_stmt 1 view -0
 108              		.cfi_startproc
 109              		@ args = 0, pretend = 0, frame = 0
 110              		@ frame_needed = 0, uses_anonymous_args = 0
 111 0000 30B5     		push	{r4, r5, lr}
 112              	.LCFI3:
 113              		.cfi_def_cfa_offset 12
 114              		.cfi_offset 4, -12
 115              		.cfi_offset 5, -8
 116              		.cfi_offset 14, -4
 117 0002 83B0     		sub	sp, sp, #12
 118              	.LCFI4:
 119              		.cfi_def_cfa_offset 24
 103:src/control.c ****   i2cBuffer[0] = 0x00;
 120              		.loc 1 103 3 view .LVU15
 121              		.loc 1 103 16 is_stmt 0 view .LVU16
 122 0004 124A     		ldr	r2, .L10
 123 0006 0023     		movs	r3, #0
 124 0008 1370     		strb	r3, [r2]
 104:src/control.c ****   HAL_I2C_Master_Transmit(&hi2c2,0xA4,(uint8_t*)i2cBuffer, 1, 100);
 125              		.loc 1 104 3 is_stmt 1 view .LVU17
 126 000a 124C     		ldr	r4, .L10+4
 127 000c 6425     		movs	r5, #100
ARM GAS  /tmp/ccA8YlOe.s 			page 5


 128 000e 0095     		str	r5, [sp]
 129 0010 0123     		movs	r3, #1
 130 0012 A421     		movs	r1, #164
 131 0014 2046     		mov	r0, r4
 132 0016 FFF7FEFF 		bl	HAL_I2C_Master_Transmit
 133              	.LVL4:
 105:src/control.c ****   HAL_Delay(5);
 134              		.loc 1 105 3 view .LVU18
 135 001a 0520     		movs	r0, #5
 136 001c FFF7FEFF 		bl	HAL_Delay
 137              	.LVL5:
 106:src/control.c ****   if (HAL_I2C_Master_Receive(&hi2c2,0xA4,(uint8_t*)nunchuck_data, 6, 100) == HAL_OK) {
 138              		.loc 1 106 3 view .LVU19
 139              		.loc 1 106 7 is_stmt 0 view .LVU20
 140 0020 0095     		str	r5, [sp]
 141 0022 0623     		movs	r3, #6
 142 0024 0C4A     		ldr	r2, .L10+8
 143 0026 A421     		movs	r1, #164
 144 0028 2046     		mov	r0, r4
 145 002a FFF7FEFF 		bl	HAL_I2C_Master_Receive
 146              	.LVL6:
 147              		.loc 1 106 6 discriminator 1 view .LVU21
 148 002e 10B9     		cbnz	r0, .L6
 107:src/control.c ****     input_timeout_counter = 0;
 149              		.loc 1 107 5 is_stmt 1 view .LVU22
 150              		.loc 1 107 27 is_stmt 0 view .LVU23
 151 0030 0A4B     		ldr	r3, .L10+12
 152 0032 0022     		movs	r2, #0
 153 0034 1A60     		str	r2, [r3]
 154              	.L6:
 108:src/control.c ****   }
 109:src/control.c **** 
 110:src/control.c ****   if (input_timeout_counter > INPUT_TIMEOUT) {
 155              		.loc 1 110 3 is_stmt 1 view .LVU24
 156              		.loc 1 110 29 is_stmt 0 view .LVU25
 157 0036 094B     		ldr	r3, .L10+12
 158 0038 1B68     		ldr	r3, [r3]
 159              		.loc 1 110 6 view .LVU26
 160 003a 1E2B     		cmp	r3, #30
 161 003c 01D8     		bhi	.L9
 162              	.L5:
 111:src/control.c ****     HAL_Delay(50);
 112:src/control.c ****     Nunchuck_Init();
 113:src/control.c ****   }
 114:src/control.c **** 
 115:src/control.c ****   //setScopeChannel(0, (int)nunchuck_data[0]);
 116:src/control.c ****   //setScopeChannel(1, (int)nunchuck_data[1]);
 117:src/control.c ****   //setScopeChannel(2, (int)nunchuck_data[5] & 1);
 118:src/control.c ****   //setScopeChannel(3, ((int)nunchuck_data[5] >> 1) & 1);
 119:src/control.c **** }
 163              		.loc 1 119 1 view .LVU27
 164 003e 03B0     		add	sp, sp, #12
 165              	.LCFI5:
 166              		.cfi_remember_state
 167              		.cfi_def_cfa_offset 12
 168              		@ sp needed
 169 0040 30BD     		pop	{r4, r5, pc}
ARM GAS  /tmp/ccA8YlOe.s 			page 6


 170              	.L9:
 171              	.LCFI6:
 172              		.cfi_restore_state
 111:src/control.c ****     HAL_Delay(50);
 173              		.loc 1 111 5 is_stmt 1 view .LVU28
 174 0042 3220     		movs	r0, #50
 175 0044 FFF7FEFF 		bl	HAL_Delay
 176              	.LVL7:
 112:src/control.c ****   }
 177              		.loc 1 112 5 view .LVU29
 178 0048 FFF7FEFF 		bl	Nunchuck_Init
 179              	.LVL8:
 180              		.loc 1 119 1 is_stmt 0 view .LVU30
 181 004c F7E7     		b	.L5
 182              	.L11:
 183 004e 00BF     		.align	2
 184              	.L10:
 185 0050 00000000 		.word	i2cBuffer
 186 0054 00000000 		.word	hi2c2
 187 0058 00000000 		.word	nunchuck_data
 188 005c 00000000 		.word	input_timeout_counter
 189              		.cfi_endproc
 190              	.LFE67:
 192              		.comm	hdma_i2c2_tx,68,4
 193              		.comm	hdma_i2c2_rx,68,4
 194              		.comm	i2cBuffer,2,4
 195              		.global	nunchuck_data
 196              		.section	.bss.nunchuck_data,"aw",%nobits
 197              		.align	2
 200              	nunchuck_data:
 201 0000 00000000 		.space	6
 201      0000
 202              		.global	input_timeout_counter
 203              		.section	.data.input_timeout_counter,"aw"
 204              		.align	2
 207              	input_timeout_counter:
 208 0000 1F000000 		.word	31
 209              		.global	ppm_count
 210              		.section	.bss.ppm_count,"aw",%nobits
 213              	ppm_count:
 214 0000 00       		.space	1
 215              		.comm	TimHandle,64,4
 216              		.text
 217              	.Letext0:
 218              		.file 2 "/usr/lib/gcc/arm-none-eabi/13.2.1/include/stdint.h"
 219              		.file 3 "Drivers/CMSIS/Device/ST/STM32F1xx/Include/stm32f103xe.h"
 220              		.file 4 "Drivers/STM32F1xx_HAL_Driver/Inc/stm32f1xx_hal_def.h"
 221              		.file 5 "Drivers/STM32F1xx_HAL_Driver/Inc/stm32f1xx_hal_dma.h"
 222              		.file 6 "Drivers/STM32F1xx_HAL_Driver/Inc/stm32f1xx_hal_i2c.h"
 223              		.file 7 "Drivers/STM32F1xx_HAL_Driver/Inc/stm32f1xx_hal_tim.h"
 224              		.file 8 "Drivers/STM32F1xx_HAL_Driver/Inc/stm32f1xx_hal.h"
ARM GAS  /tmp/ccA8YlOe.s 			page 7


DEFINED SYMBOLS
                            *ABS*:00000000 control.c
     /tmp/ccA8YlOe.s:19     .text.Nunchuck_Init:00000000 $t
     /tmp/ccA8YlOe.s:25     .text.Nunchuck_Init:00000000 Nunchuck_Init
     /tmp/ccA8YlOe.s:93     .text.Nunchuck_Init:00000048 $d
                            *COM*:00000002 i2cBuffer
     /tmp/ccA8YlOe.s:99     .text.Nunchuck_Read:00000000 $t
     /tmp/ccA8YlOe.s:105    .text.Nunchuck_Read:00000000 Nunchuck_Read
     /tmp/ccA8YlOe.s:185    .text.Nunchuck_Read:00000050 $d
     /tmp/ccA8YlOe.s:200    .bss.nunchuck_data:00000000 nunchuck_data
     /tmp/ccA8YlOe.s:207    .data.input_timeout_counter:00000000 input_timeout_counter
                            *COM*:00000044 hdma_i2c2_tx
                            *COM*:00000044 hdma_i2c2_rx
     /tmp/ccA8YlOe.s:197    .bss.nunchuck_data:00000000 $d
     /tmp/ccA8YlOe.s:204    .data.input_timeout_counter:00000000 $d
     /tmp/ccA8YlOe.s:213    .bss.ppm_count:00000000 ppm_count
     /tmp/ccA8YlOe.s:214    .bss.ppm_count:00000000 $d
                            *COM*:00000040 TimHandle

UNDEFINED SYMBOLS
HAL_I2C_Master_Transmit
HAL_Delay
hi2c2
HAL_I2C_Master_Receive
